<?xml version="1.0" encoding="UTF-8"?>
<testsuite name="utils.InvokerTest" tests="1" skipped="0" failures="0" errors="0" timestamp="2023-05-03T01:54:56" hostname="mgoepvs" time="0.011">
  <properties/>
  <testcase name="invoke()" classname="utils.InvokerTest" time="0.011"/>
  <system-out><![CDATA[]]></system-out>
  <system-err><![CDATA[]]></system-err>
</testsuite>
