<?xml version="1.0" encoding="UTF-8"?>
<testsuite name="Utils.SerializatorTest" tests="4" skipped="0" failures="0" errors="0" timestamp="2023-03-24T03:19:37" hostname="demid-VivoBook-ASUSLaptop-X515JA-F515JA" time="0.315">
  <properties/>
  <testcase name="getStrategy()" classname="Utils.SerializatorTest" time="0.001"/>
  <testcase name="check serialization and deserialization()" classname="Utils.SerializatorTest" time="0.308"/>
  <testcase name="addStrategy()" classname="Utils.SerializatorTest" time="0.001"/>
  <testcase name="changeStrategy()" classname="Utils.SerializatorTest" time="0.001"/>
  <system-out><![CDATA[]]></system-out>
  <system-err><![CDATA[]]></system-err>
</testsuite>
