<?xml version="1.0" encoding="UTF-8"?>
<testsuite name="commands.AddIfMaxTest" tests="1" skipped="0" failures="0" errors="0" timestamp="2023-04-30T16:32:43" hostname="mgoepvs" time="0.062">
  <properties/>
  <testcase name="execute()" classname="commands.AddIfMaxTest" time="0.062"/>
  <system-out><![CDATA[]]></system-out>
  <system-err><![CDATA[]]></system-err>
</testsuite>
