<?xml version="1.0" encoding="UTF-8"?>
<testsuite name="utils.DataTest" tests="3" skipped="0" failures="0" errors="0" timestamp="2023-05-03T01:54:56" hostname="mgoepvs" time="0.009">
  <properties/>
  <testcase name="getInfoFileName()" classname="utils.DataTest" time="0.002"/>
  <testcase name="getFileName()" classname="utils.DataTest" time="0.001"/>
  <testcase name="addSupportedCollectionType()" classname="utils.DataTest" time="0.002"/>
  <system-out><![CDATA[]]></system-out>
  <system-err><![CDATA[]]></system-err>
</testsuite>
