<?xml version="1.0" encoding="UTF-8"?>
<testsuite name="utils.SerializatorTest" tests="4" skipped="0" failures="0" errors="0" timestamp="2023-05-03T01:54:56" hostname="mgoepvs" time="0.609">
  <properties/>
  <testcase name="getStrategy()" classname="utils.SerializatorTest" time="0.002"/>
  <testcase name="check serialization and deserialization()" classname="utils.SerializatorTest" time="0.6"/>
  <testcase name="addStrategy()" classname="utils.SerializatorTest" time="0.002"/>
  <testcase name="changeStrategy()" classname="utils.SerializatorTest" time="0.001"/>
  <system-out><![CDATA[]]></system-out>
  <system-err><![CDATA[]]></system-err>
</testsuite>
