<?xml version="1.0" encoding="UTF-8"?>
<testsuite name="utils.InvokerTest" tests="1" skipped="0" failures="0" errors="0" timestamp="2023-03-26T15:22:18" hostname="demid-VivoBook-ASUSLaptop-X515JA-F515JA" time="0.006">
  <properties/>
  <testcase name="invoke()" classname="utils.InvokerTest" time="0.006"/>
  <system-out><![CDATA[]]></system-out>
  <system-err><![CDATA[]]></system-err>
</testsuite>
