<?xml version="1.0" encoding="UTF-8"?>
<testsuite name="Utils.DataTest" tests="3" skipped="0" failures="0" errors="0" timestamp="2023-03-24T03:19:37" hostname="demid-VivoBook-ASUSLaptop-X515JA-F515JA" time="0.012">
  <properties/>
  <testcase name="getInfoFileName()" classname="Utils.DataTest" time="0.005"/>
  <testcase name="getFileName()" classname="Utils.DataTest" time="0.001"/>
  <testcase name="addSupportedCollectionType()" classname="Utils.DataTest" time="0.002"/>
  <system-out><![CDATA[]]></system-out>
  <system-err><![CDATA[]]></system-err>
</testsuite>
