<?xml version="1.0" encoding="UTF-8"?>
<testsuite name="utils.SerializatorTest" tests="4" skipped="0" failures="0" errors="0" timestamp="2023-04-04T17:10:12" hostname="demid-VivoBook-ASUSLaptop-X515JA-F515JA" time="0.566">
  <properties/>
  <testcase name="getStrategy()" classname="utils.SerializatorTest" time="0.001"/>
  <testcase name="check serialization and deserialization()" classname="utils.SerializatorTest" time="0.557"/>
  <testcase name="addStrategy()" classname="utils.SerializatorTest" time="0.002"/>
  <testcase name="changeStrategy()" classname="utils.SerializatorTest" time="0.001"/>
  <system-out><![CDATA[]]></system-out>
  <system-err><![CDATA[]]></system-err>
</testsuite>
