<?xml version="1.0" encoding="UTF-8"?>
<testsuite name="utils.SerializatorTest" tests="4" skipped="0" failures="0" errors="0" timestamp="2023-04-30T16:32:43" hostname="mgoepvs" time="0.294">
  <properties/>
  <testcase name="getStrategy()" classname="utils.SerializatorTest" time="0.001"/>
  <testcase name="check serialization and deserialization()" classname="utils.SerializatorTest" time="0.29"/>
  <testcase name="addStrategy()" classname="utils.SerializatorTest" time="0.001"/>
  <testcase name="changeStrategy()" classname="utils.SerializatorTest" time="0.0"/>
  <system-out><![CDATA[]]></system-out>
  <system-err><![CDATA[]]></system-err>
</testsuite>
