<?xml version="1.0" encoding="UTF-8"?>
<testsuite name="Utils.AskerTest" tests="1" skipped="0" failures="0" errors="0" timestamp="2023-03-24T03:19:37" hostname="demid-VivoBook-ASUSLaptop-X515JA-F515JA" time="0.046">
  <properties/>
  <testcase name="askRoute()" classname="Utils.AskerTest" time="0.046"/>
  <system-out><![CDATA[]]></system-out>
  <system-err><![CDATA[name > Coordinates - x > Coordinates - y > from is nullable field. If you want to make it null, print "yes". > to - x > to - y > to - z > to - name > distance > ]]></system-err>
</testsuite>
