<?xml version="1.0" encoding="UTF-8"?>
<testsuite name="utils.DataTest" tests="3" skipped="0" failures="0" errors="0" timestamp="2023-04-30T16:32:43" hostname="mgoepvs" time="0.005">
  <properties/>
  <testcase name="getInfoFileName()" classname="utils.DataTest" time="0.001"/>
  <testcase name="getFileName()" classname="utils.DataTest" time="0.001"/>
  <testcase name="addSupportedCollectionType()" classname="utils.DataTest" time="0.001"/>
  <system-out><![CDATA[]]></system-out>
  <system-err><![CDATA[]]></system-err>
</testsuite>
